\BOOKMARK [1][-]{section.1}{\376\377\000I\000n\000t\000r\000o\000d\000u\000c\000c\000i\000\363\000n}{}% 1
\BOOKMARK [1][-]{section.2}{\376\377\000E\000s\000t\000a\000d\000o\000\040\000d\000e\000l\000\040\000a\000r\000t\000e}{}% 2
\BOOKMARK [1][-]{section.3}{\376\377\000D\000e\000f\000i\000n\000i\000c\000i\000\363\000n\000\040\000d\000e\000l\000\040\000p\000r\000o\000b\000l\000e\000m\000a}{}% 3
\BOOKMARK [1][-]{section.4}{\376\377\000S\000o\000l\000u\000c\000i\000\363\000n\000\040\000p\000r\000o\000p\000u\000e\000s\000t\000a}{}% 4
\BOOKMARK [2][-]{subsection.4.1}{\376\377\000D\000e\000t\000e\000r\000m\000i\000n\000a\000c\000i\000\363\000n\000\040\000d\000e\000\040\000m\000e\000t\000o\000d\000o\000l\000o\000g\000\355\000a\000s\000\040\000y\000\040\000t\000e\000c\000n\000o\000l\000o\000g\000\355\000a\000s\000\040\000a\000\040\000u\000t\000i\000l\000i\000z\000a\000r}{section.4}% 5
\BOOKMARK [3][-]{subsubsection.4.1.1}{\376\377\000M\000e\000t\000o\000d\000o\000l\000o\000g\000\355\000a\000s}{subsection.4.1}% 6
\BOOKMARK [3][-]{subsubsection.4.1.2}{\376\377\000L\000e\000n\000g\000u\000a\000j\000e\000\040\000d\000e\000\040\000p\000r\000o\000g\000r\000a\000m\000a\000c\000i\000\363\000n\000\040\000d\000e\000l\000\040\000l\000a\000d\000o\000\040\000d\000e\000l\000\040\000c\000l\000i\000e\000n\000t\000e}{subsection.4.1}% 7
\BOOKMARK [3][-]{subsubsection.4.1.3}{\376\377\000F\000r\000a\000m\000e\000w\000o\000r\000k\000\040\000p\000a\000r\000a\000\040\000C\000S\000S}{subsection.4.1}% 8
\BOOKMARK [3][-]{subsubsection.4.1.4}{\376\377\000F\000r\000a\000m\000e\000w\000o\000r\000k\000\040\000o\000\040\000b\000i\000b\000l\000i\000o\000t\000e\000c\000a\000\040\000f\000r\000o\000n\000t\000e\000n\000d}{subsection.4.1}% 9
\BOOKMARK [3][-]{subsubsection.4.1.5}{\376\377\000L\000e\000n\000g\000u\000a\000j\000e\000\040\000d\000e\000\040\000p\000r\000o\000g\000r\000a\000m\000a\000c\000i\000\363\000n\000\040\000y\000\040\000f\000r\000a\000m\000e\000w\000o\000r\000k\000\040\000b\000a\000c\000k\000e\000n\000d}{subsection.4.1}% 10
\BOOKMARK [3][-]{subsubsection.4.1.6}{\376\377\000B\000a\000s\000e\000\040\000d\000e\000\040\000d\000a\000t\000o\000s}{subsection.4.1}% 11
\BOOKMARK [3][-]{subsubsection.4.1.7}{\376\377\000T\000e\000s\000t\000i\000n\000g}{subsection.4.1}% 12
\BOOKMARK [2][-]{subsection.4.2}{\376\377\000A\000n\000\341\000l\000i\000s\000i\000s\000\040\000d\000e\000\040\000r\000e\000q\000u\000i\000s\000i\000t\000o\000s}{section.4}% 13
\BOOKMARK [3][-]{subsubsection.4.2.1}{\376\377\000P\000u\000e\000s\000t\000o\000s}{subsection.4.2}% 14
\BOOKMARK [3][-]{subsubsection.4.2.2}{\376\377\000T\000r\000i\000v\000i\000a}{subsection.4.2}% 15
\BOOKMARK [2][-]{subsection.4.3}{\376\377\000E\000s\000p\000e\000c\000i\000f\000i\000c\000a\000c\000i\000o\000n\000e\000s\000\040\000d\000e\000l\000\040\000s\000i\000s\000t\000e\000m\000a}{section.4}% 16
\BOOKMARK [2][-]{subsection.4.4}{\376\377\000A\000n\000\341\000l\000i\000s\000i\000s\000\040\000d\000e\000l\000\040\000s\000i\000s\000t\000e\000m\000a}{section.4}% 17
\BOOKMARK [1][-]{section.5}{\376\377\000R\000e\000s\000u\000l\000t\000a\000d\000o\000s}{}% 18
\BOOKMARK [1][-]{section.6}{\376\377\000C\000o\000n\000c\000l\000u\000s\000i\000o\000n\000e\000s}{}% 19
\BOOKMARK [2][-]{subsection.6.1}{\376\377\000S\000e\000l\000e\000c\000c\000i\000\363\000n\000\040\000d\000e\000\040\000m\000e\000t\000o\000d\000o\000l\000o\000g\000\355\000a\000s\000\040\000y\000\040\000t\000e\000c\000n\000o\000l\000o\000g\000\355\000a\000s}{section.6}% 20
\BOOKMARK [3][-]{subsubsection.6.1.1}{\376\377\000S\000e\000l\000e\000c\000c\000i\000\363\000n\000\040\000d\000e\000\040\000m\000e\000t\000o\000d\000o\000l\000o\000g\000\355\000a\000s}{subsection.6.1}% 21
\BOOKMARK [3][-]{subsubsection.6.1.2}{\376\377\000S\000e\000l\000e\000c\000c\000i\000\363\000n\000\040\000d\000e\000\040\000l\000e\000n\000g\000u\000a\000j\000e\000s\000\040\000f\000r\000o\000n\000t\000e\000n\000d}{subsection.6.1}% 22
\BOOKMARK [3][-]{subsubsection.6.1.3}{\376\377\000S\000e\000l\000e\000c\000c\000i\000\363\000n\000\040\000d\000e\000\040\000f\000r\000a\000m\000e\000w\000o\000r\000k\000\040\000p\000a\000r\000a\000\040\000C\000S\000S}{subsection.6.1}% 23
\BOOKMARK [3][-]{subsubsection.6.1.4}{\376\377\000S\000e\000l\000e\000c\000c\000i\000\363\000n\000\040\000d\000e\000\040\000f\000r\000a\000m\000e\000w\000o\000r\000k\000s\000\040\000o\000\040\000b\000i\000b\000l\000i\000o\000t\000e\000c\000a\000s\000\040\000f\000r\000o\000n\000t\000e\000n\000d}{subsection.6.1}% 24
\BOOKMARK [3][-]{subsubsection.6.1.5}{\376\377\000L\000e\000n\000g\000u\000a\000j\000e\000s\000\040\000y\000\040\000f\000r\000a\000m\000e\000w\000o\000r\000k\000s\000\040\000b\000a\000c\000k\000e\000n\000d}{subsection.6.1}% 25
\BOOKMARK [3][-]{subsubsection.6.1.6}{\376\377\000S\000e\000l\000e\000c\000c\000i\000\363\000n\000\040\000d\000e\000\040\000S\000i\000s\000t\000e\000m\000a\000\040\000G\000e\000s\000t\000o\000r\000\040\000d\000e\000\040\000B\000a\000s\000e\000\040\000d\000e\000\040\000D\000a\000t\000o\000s}{subsection.6.1}% 26
\BOOKMARK [3][-]{subsubsection.6.1.7}{\376\377\000S\000e\000l\000e\000c\000c\000i\000\363\000n\000\040\000d\000e\000\040\000f\000r\000a\000m\000e\000w\000o\000r\000k\000\040\000p\000a\000r\000a\000\040\000t\000e\000s\000t\000i\000n\000g}{subsection.6.1}% 27
\BOOKMARK [2][-]{subsection.6.2}{\376\377\000M\000a\000n\000u\000a\000l\000\040\000d\000e\000\040\000u\000s\000o}{section.6}% 28
\BOOKMARK [2][-]{subsection.6.3}{\376\377\000M\000a\000n\000u\000a\000l\000\040\000d\000e\000\040\000i\000n\000s\000t\000a\000l\000a\000c\000i\000\363\000n}{section.6}% 29
\BOOKMARK [3][-]{subsubsection.6.3.1}{\376\377\000R\000e\000q\000u\000i\000s\000i\000t\000o\000s}{subsection.6.3}% 30
\BOOKMARK [3][-]{subsubsection.6.3.2}{\376\377\000I\000n\000i\000c\000i\000a\000r\000\040\000m\000i\000n\000i\000k\000u\000b\000e}{subsection.6.3}% 31
\BOOKMARK [3][-]{subsubsection.6.3.3}{\376\377\000A\000p\000l\000i\000c\000a\000r\000\040\000c\000o\000n\000f\000i\000g\000u\000r\000a\000c\000i\000o\000n\000e\000s\000\040\000d\000e\000\040\000k\000u\000b\000e\000r\000n\000e\000t\000e\000s}{subsection.6.3}% 32
\BOOKMARK [3][-]{subsubsection.6.3.4}{\376\377\000H\000a\000c\000e\000r\000\040\000a\000c\000c\000e\000s\000i\000b\000l\000e\000\040\000e\000l\000\040\000s\000i\000s\000t\000e\000m\000a}{subsection.6.3}% 33
